
                                A S A  

         --- A program for analysis of electronic spectra ---

               Designed and developed by Taras Petrenko 


Cite in your paper:
T. Petrenko and F. Neese, J. Chem. Phys. 137(23), 234107 (2012)
T. Petrenko and F. Neese, J. Chem. Phys. 127(16), 164319 (2007)


Reading file: p1r2.asa.inp ... done


         **************************************************************
         *        GENERAL CHARACTERISTICS OF ELECTRONIC SPECTRA       *
         **************************************************************

--------------------------------------------------------------------------------
  State      E0           EV       fosc    Stokes shift  Effective Stokes shift
          (cm**-1)     (cm**-1)              (cm**-1)           (cm**-1)       
--------------------------------------------------------------------------------
    1:     38177.69   40819.38   0.383603      0.00               18.93
    2:     39721.13   40855.13   0.002104      0.00                0.13
    3:     38762.39   42044.27   0.089920      0.00               12.36
    4:     48312.80   49604.09   0.162469      0.00                3.82
    5:     48711.11   50665.23   0.015385      0.00               33.99
    6:     47161.04   50694.98   0.010300      0.00               16.36
    7:     46234.57   51465.82   0.001784      0.00                9.25
    8:     51791.70   53126.73   0.185719      0.00               10.35
    9:     51792.60   54001.46   0.016352      0.00             2682.05
   10:     56486.96   57505.75   0.491391      0.00               65.71


--------------------------------------------------------------------------------------------------
                                BROADENING PARAMETETRS (cm**-1)
--------------------------------------------------------------------------------------------------
                 Intrinsic                                    Effective        
   State   --------------------------  --------------------------------------------------------
                                                    Sigma                         FWHM    
            Gamma    Sigma    FWHM      ---------------------------   ---------------------------
                                           0K       77K     298.15K      0K       77K     298.15K
--------------------------------------------------------------------------------------------------
    1:     100.00     0.00   200.00       24.08     33.49     62.86    215.92    228.91    281.77
    2:     100.00     0.00   200.00        1.99      2.80      5.27    200.12    200.23    200.83
    3:     100.00     0.00   200.00       19.20     26.99     50.77    210.40    219.63    258.44
    4:     100.00     0.00   200.00       10.82     15.04     28.23    203.43    206.51    221.30
    5:     100.00     0.00   200.00       31.51     44.13     84.27    225.96    246.44    326.11
    6:     100.00     0.00   200.00       22.09     31.06     58.43    213.55    225.30    273.05
    7:     100.00     0.00   200.00       16.73     23.38     43.94    208.00    215.07    246.10
    8:     100.00     0.00   200.00       17.82     24.77     46.48    209.02    216.76    250.60
    9:     100.00     0.00   200.00       43.06     60.50    840.02    244.56    277.11   2087.20
   10:     100.00     0.00   200.00       43.43     60.34    117.30    245.21    276.79    398.40


Calculating absorption spectrum   ...
The maximum number of grid points ... 5948
Time for absorption               ...      24.186 sec (=   0.403 min)
Writing file: p1r2.asa.abs.dat ... done
Writing file: p1r2.asa.abs.as.dat ... done

Calculating fluorescence spectrum ...
The maximum number of grid points ... 5948
Time for fluorescence             ...      12.813 sec (=   0.214 min)
Writing file: p1r2.asa.fl.dat ... done
Writing file: p1r2.asa.fl.as.dat ... done

TOTAL RUN TIME: 0 days 0 hours 0 minutes 37 seconds 30 msec
