
                                A S A  

         --- A program for analysis of electronic spectra ---

               Designed and developed by Taras Petrenko 


Cite in your paper:
T. Petrenko and F. Neese, J. Chem. Phys. 137(23), 234107 (2012)
T. Petrenko and F. Neese, J. Chem. Phys. 127(16), 164319 (2007)


Reading file: p1r3.asa.inp ... done


         **************************************************************
         *        GENERAL CHARACTERISTICS OF ELECTRONIC SPECTRA       *
         **************************************************************

--------------------------------------------------------------------------------
  State      E0           EV       fosc    Stokes shift  Effective Stokes shift
          (cm**-1)     (cm**-1)              (cm**-1)           (cm**-1)       
--------------------------------------------------------------------------------
    1:     37593.49   40695.36   0.255821      0.00               67.11
    2:     39906.91   41031.40   0.000701      0.00                2.07
    3:     39149.40   42180.09   0.193879      0.00              717.48
    4:     37319.66   42375.14   0.045210      0.00             9927.11
    5:     42806.54   48918.77   0.000262      0.00            11940.22
    6:     43544.99   49027.29   0.000719      0.00            10916.26
    7:     48477.89   49907.81   0.164966      0.00               40.20
    8:     45394.70   50958.77   0.000322      0.00            10837.55
    9:     45646.73   51103.42   0.002115      0.00             3689.20
   10:     48815.65   51292.22   0.036943      0.00              315.63


--------------------------------------------------------------------------------------------------
                                BROADENING PARAMETETRS (cm**-1)
--------------------------------------------------------------------------------------------------
                 Intrinsic                                    Effective        
   State   --------------------------  --------------------------------------------------------
                                                    Sigma                         FWHM    
            Gamma    Sigma    FWHM      ---------------------------   ---------------------------
                                           0K       77K     298.15K      0K       77K     298.15K
--------------------------------------------------------------------------------------------------
    1:     100.00     0.00   200.00       38.87     66.09    118.85    237.46    288.25    401.86
    2:     100.00     0.00   200.00        5.52      7.43     20.87    200.90    201.63    212.18
    3:     100.00     0.00   200.00      109.72    199.86    408.61    381.55    586.68   1073.61
    4:     100.00     0.00   200.00      424.97    538.63   2355.06   1111.97   1378.70   5653.45
    5:     100.00     0.00   200.00      458.44    706.91   2402.89   1190.47   1774.17   5766.05
    6:     100.00     0.00   200.00      574.97    677.89   2379.04   1464.06   1705.93   5709.91
    7:     100.00     0.00   200.00       37.35     49.61     91.85    234.98    256.28    342.38
    8:     100.00     0.00   200.00      764.62   1845.49   2269.16   1909.87   4453.72   5451.20
    9:     100.00     0.00   200.00      742.21    758.88   1029.04   1857.17   1896.38   2531.91
   10:     100.00     0.00   200.00       77.19    107.30    262.68    311.14    376.19    732.44


Calculating absorption spectrum   ...
The maximum number of grid points ... 3911
Time for absorption               ...      16.025 sec (=   0.267 min)
Writing file: p1r3.asa.abs.dat ... done
Writing file: p1r3.asa.abs.as.dat ... done

Calculating fluorescence spectrum ...
The maximum number of grid points ... 3911
Time for fluorescence             ...       6.622 sec (=   0.110 min)
Writing file: p1r3.asa.fl.dat ... done
Writing file: p1r3.asa.fl.as.dat ... done

TOTAL RUN TIME: 0 days 0 hours 0 minutes 22 seconds 699 msec
