
                                A S A  

         --- A program for analysis of electronic spectra ---

               Designed and developed by Taras Petrenko 


Cite in your paper:
T. Petrenko and F. Neese, J. Chem. Phys. 137(23), 234107 (2012)
T. Petrenko and F. Neese, J. Chem. Phys. 127(16), 164319 (2007)


Reading file: p2r1.asa.inp ... done


         **************************************************************
         *        GENERAL CHARACTERISTICS OF ELECTRONIC SPECTRA       *
         **************************************************************

--------------------------------------------------------------------------------
  State      E0           EV       fosc    Stokes shift  Effective Stokes shift
          (cm**-1)     (cm**-1)              (cm**-1)           (cm**-1)       
--------------------------------------------------------------------------------
    1:     28704.11   32338.42   0.007934      0.00               41.54
    2:     31640.29   34313.03   0.382935      0.00               11.33
    3:     33630.43   37399.96   0.003449      0.00               56.61
    4:     38161.86   39371.52   0.000868      0.00                0.14
    5:     44327.95   45757.35   0.661718      0.00               18.84
    6:     44180.30   45988.22   0.075107      0.00               88.53
    7:     44155.92   46381.49   0.040680      0.00              193.56
    8:     44756.59   47841.65   0.055214      0.00                3.52
    9:     46672.27   48889.01   0.002715      0.00             1394.01
   10:     48050.55   49991.47   0.001701      0.00              751.20


--------------------------------------------------------------------------------------------------
                                BROADENING PARAMETETRS (cm**-1)
--------------------------------------------------------------------------------------------------
                 Intrinsic                                    Effective        
   State   --------------------------  --------------------------------------------------------
                                                    Sigma                         FWHM    
            Gamma    Sigma    FWHM      ---------------------------   ---------------------------
                                           0K       77K     298.15K      0K       77K     298.15K
--------------------------------------------------------------------------------------------------
    1:     100.00     0.00   200.00       16.73     26.03     93.64    207.99    218.38    346.27
    2:     100.00     0.00   200.00       16.51     24.96     48.60    207.79    217.01    254.43
    3:     100.00     0.00   200.00       33.98     48.81    109.23    229.67    254.82    380.46
    4:     100.00     0.00   200.00        1.85      2.80      5.34    200.10    200.23    200.85
    5:     100.00     0.00   200.00       15.29     23.28     62.93    206.72    214.95    281.92
    6:     100.00     0.00   200.00       46.30     70.54    136.05    250.28    297.33    440.53
    7:     100.00     0.00   200.00       66.13    104.84    201.67    288.34    370.77    590.85
    8:     100.00     0.00   200.00        9.28     14.19     27.06    202.53    205.81    219.72
    9:     100.00     0.00   200.00       87.67    109.55    584.53    333.38    381.16   1486.54
   10:     100.00     0.00   200.00      169.78    206.96    412.24    517.41    603.07   1082.12


Calculating absorption spectrum   ...
The maximum number of grid points ... 6386
Time for absorption               ...      40.593 sec (=   0.677 min)
Writing file: p2r1.asa.abs.dat ... done
Writing file: p2r1.asa.abs.as.dat ... done

Calculating fluorescence spectrum ...
The maximum number of grid points ... 6386
Time for fluorescence             ...      13.624 sec (=   0.227 min)
Writing file: p2r1.asa.fl.dat ... done
Writing file: p2r1.asa.fl.as.dat ... done

TOTAL RUN TIME: 0 days 0 hours 0 minutes 54 seconds 269 msec
