
                                A S A  

         --- A program for analysis of electronic spectra ---

               Designed and developed by Taras Petrenko 


Cite in your paper:
T. Petrenko and F. Neese, J. Chem. Phys. 137(23), 234107 (2012)
T. Petrenko and F. Neese, J. Chem. Phys. 127(16), 164319 (2007)


Reading file: p1r1.asa.inp ... done


         **************************************************************
         *        GENERAL CHARACTERISTICS OF ELECTRONIC SPECTRA       *
         **************************************************************

--------------------------------------------------------------------------------
  State      E0           EV       fosc    Stokes shift  Effective Stokes shift
          (cm**-1)     (cm**-1)              (cm**-1)           (cm**-1)       
--------------------------------------------------------------------------------
    1:     37183.32   40303.28   0.242363      0.00               31.04
    2:     39719.62   40923.59   0.000095      0.00              157.63
    3:     14246.82   41919.31   0.195143      0.00            55344.99
    4:     47830.99   49490.24   0.146015      0.00              505.91
    5:     44607.89   50903.67   0.008639      0.00            11270.12
    6:      7557.74   51278.99   0.003579      0.00            87442.50
    7:     33193.79   50797.87   0.049141      0.00            35205.38
    8:     49414.71   53163.73   0.163539      0.00             6412.52
    9:     46446.30   56100.65   0.076954      0.00            18874.65
   10:     55600.98   57626.24   0.524010      0.00             2708.01


--------------------------------------------------------------------------------------------------
                                BROADENING PARAMETETRS (cm**-1)
--------------------------------------------------------------------------------------------------
                 Intrinsic                                    Effective        
   State   --------------------------  --------------------------------------------------------
                                                    Sigma                         FWHM    
            Gamma    Sigma    FWHM      ---------------------------   ---------------------------
                                           0K       77K     298.15K      0K       77K     298.15K
--------------------------------------------------------------------------------------------------
    1:     100.00     0.00   200.00       32.68     43.44     80.58    227.70    245.23    318.26
    2:     100.00     0.00   200.00       36.97     92.22    180.85    234.36    343.20    542.84
    3:     100.00     0.00   200.00      709.46   2879.11   3985.12   1780.17   6887.34   9491.63
    4:     100.00     0.00   200.00       61.55    150.52    330.20    279.17    473.39    890.03
    5:     100.00     0.00   200.00      515.80   1004.26   1780.80   1325.10   2473.60   4301.41
    6:     100.00     0.00   200.00     1532.68   3352.39   4852.80   3717.31   8001.75  11534.76
    7:     100.00     0.00   200.00      569.16   1840.24   3155.60   1450.41   4441.36   7538.37
    8:     100.00     0.00   200.00      219.86    565.72   1334.26    632.96   1442.34   3250.23
    9:     100.00     0.00   200.00     1034.05   1315.36   2350.03   2543.69   3205.75   5641.60
   10:     100.00     0.00   200.00      164.69    405.85    773.00    505.74   1067.14   1929.57


Calculating absorption spectrum   ...
The maximum number of grid points ... 4705
Time for absorption               ...      10.883 sec (=   0.181 min)
Writing file: p1r1.asa.abs.dat ... done
Writing file: p1r1.asa.abs.as.dat ... done

Calculating fluorescence spectrum ...
The maximum number of grid points ... 4705
Time for fluorescence             ...       5.363 sec (=   0.089 min)
Writing file: p1r1.asa.fl.dat ... done
Writing file: p1r1.asa.fl.as.dat ... done

TOTAL RUN TIME: 0 days 0 hours 0 minutes 16 seconds 276 msec
