
                                A S A  

         --- A program for analysis of electronic spectra ---

               Designed and developed by Taras Petrenko 


Cite in your paper:
T. Petrenko and F. Neese, J. Chem. Phys. 137(23), 234107 (2012)
T. Petrenko and F. Neese, J. Chem. Phys. 127(16), 164319 (2007)


Reading file: p2r2.asa.inp ... done


         **************************************************************
         *        GENERAL CHARACTERISTICS OF ELECTRONIC SPECTRA       *
         **************************************************************

--------------------------------------------------------------------------------
  State      E0           EV       fosc    Stokes shift  Effective Stokes shift
          (cm**-1)     (cm**-1)              (cm**-1)           (cm**-1)       
--------------------------------------------------------------------------------
    1:     29434.01   32938.74   0.016004      0.00               44.86
    2:     31721.36   34391.19   0.401415      0.00                1.89
    3:     33272.88   37049.97   0.004777      0.00               15.16
    4:     38157.36   39370.00   0.000163      0.00                0.05
    5:     44392.67   45822.59   0.748926      0.00                3.56
    6:     44308.69   45990.69   0.074492      0.00               10.66
    7:     44137.33   46295.37   0.035471      0.00                5.84
    8:     44627.28   47791.74   0.066024      0.00                0.93
    9:     46582.07   49586.20   0.003687      0.00             3755.89
   10:     48752.69   50663.33   0.000377      0.00              491.77


--------------------------------------------------------------------------------------------------
                                BROADENING PARAMETETRS (cm**-1)
--------------------------------------------------------------------------------------------------
                 Intrinsic                                    Effective        
   State   --------------------------  --------------------------------------------------------
                                                    Sigma                         FWHM    
            Gamma    Sigma    FWHM      ---------------------------   ---------------------------
                                           0K       77K     298.15K      0K       77K     298.15K
--------------------------------------------------------------------------------------------------
    1:     100.00     0.00   200.00       44.25     54.35     97.19    246.63    265.18    353.99
    2:     100.00     0.00   200.00        3.19      5.50     19.92    200.30    200.90    211.15
    3:     100.00     0.00   200.00       24.97     31.34     56.46    217.01    225.71    269.22
    4:     100.00     0.00   200.00        1.02      1.75      3.37    200.03    200.09    200.34
    5:     100.00     0.00   200.00        4.82      8.23     27.36    200.69    202.00    220.12
    6:     100.00     0.00   200.00        5.51     11.84     47.42    200.90    204.09    252.29
    7:     100.00     0.00   200.00        6.89     19.18     35.00    201.40    210.38    231.25
    8:     100.00     0.00   200.00        3.36      5.70     13.98    200.34    200.96    205.65
    9:     100.00     0.00   200.00       66.51     83.29   1118.63    289.11    324.02   2742.75
   10:     100.00     0.00   200.00       86.45    107.81    333.87    330.77    377.31    898.61


Calculating absorption spectrum   ...
The maximum number of grid points ... 6196
Time for absorption               ...      42.036 sec (=   0.701 min)
Writing file: p2r2.asa.abs.dat ... done
Writing file: p2r2.asa.abs.as.dat ... done

Calculating fluorescence spectrum ...
The maximum number of grid points ... 8041
Time for fluorescence             ...      20.829 sec (=   0.347 min)
Writing file: p2r2.asa.fl.dat ... done
Writing file: p2r2.asa.fl.as.dat ... done

TOTAL RUN TIME: 0 days 0 hours 1 minutes 2 seconds 907 msec
