
                                A S A  

         --- A program for analysis of electronic spectra ---

               Designed and developed by Taras Petrenko 


Cite in your paper:
T. Petrenko and F. Neese, J. Chem. Phys. 137(23), 234107 (2012)
T. Petrenko and F. Neese, J. Chem. Phys. 127(16), 164319 (2007)


Reading file: pht.asa.inp ... done


         **************************************************************
         *        GENERAL CHARACTERISTICS OF ELECTRONIC SPECTRA       *
         **************************************************************

--------------------------------------------------------------------------------
  State      E0           EV       fosc    Stokes shift  Effective Stokes shift
          (cm**-1)     (cm**-1)              (cm**-1)           (cm**-1)       
--------------------------------------------------------------------------------
    1:     24861.37   28166.51   0.000004      0.00               44.02
    2:     26315.41   29170.71   0.212054      0.00               40.59
    3:     26030.90   29430.68   0.000043      0.00              119.13
    4:     37103.28   38364.23   0.000225      0.00               21.27
    5:     38833.11   40204.12   1.413430      0.00               35.21
    6:     41272.49   42865.23   0.000594      0.00               59.96
    7:     41545.58   43263.09   0.017997      0.00               31.66
    8:     42083.90   43648.14   0.068269      0.00               23.11
    9:     41609.25   43907.12   0.000871      0.00                8.34
   10:     42302.64   43873.37   0.000005      0.00               82.88


--------------------------------------------------------------------------------------------------
                                BROADENING PARAMETETRS (cm**-1)
--------------------------------------------------------------------------------------------------
                 Intrinsic                                    Effective        
   State   --------------------------  --------------------------------------------------------
                                                    Sigma                         FWHM    
            Gamma    Sigma    FWHM      ---------------------------   ---------------------------
                                           0K       77K     298.15K      0K       77K     298.15K
--------------------------------------------------------------------------------------------------
    1:     100.00     0.00   200.00       38.26     50.65     96.02    236.46    258.21    351.45
    2:     100.00     0.00   200.00       37.66     49.21     92.21    235.48    255.56    343.16
    3:     100.00     0.00   200.00       58.55     83.34    158.72    273.28    324.12    492.09
    4:     100.00     0.00   200.00       27.64     36.11     66.72    220.50    233.00    289.53
    5:     100.00     0.00   200.00       34.96     45.83     85.88    231.19    249.44    329.55
    6:     100.00     0.00   200.00       46.19     60.33    112.05    250.08    276.76    386.71
    7:     100.00     0.00   200.00       31.60     41.27     81.57    226.09    241.49    320.37
    8:     100.00     0.00   200.00       28.84     37.66     69.55    222.14    235.48    295.30
    9:     100.00     0.00   200.00       16.92     22.49     41.76    208.17    214.02    242.32
   10:     100.00     0.00   200.00       52.01     67.91    131.99    260.76    291.96    431.37


Calculating absorption spectrum   ...
The maximum number of grid points ... 5014
Time for absorption               ...      27.348 sec (=   0.456 min)
Writing file: pht.asa.abs.dat ... done
Writing file: pht.asa.abs.as.dat ... done

Calculating fluorescence spectrum ...
The maximum number of grid points ... 5014
Time for fluorescence             ...      14.785 sec (=   0.246 min)
Writing file: pht.asa.fl.dat ... done
Writing file: pht.asa.fl.as.dat ... done

TOTAL RUN TIME: 0 days 0 hours 0 minutes 42 seconds 161 msec
