
                                A S A  

         --- A program for analysis of electronic spectra ---

               Designed and developed by Taras Petrenko 


Cite in your paper:
T. Petrenko and F. Neese, J. Chem. Phys. 137(23), 234107 (2012)
T. Petrenko and F. Neese, J. Chem. Phys. 127(16), 164319 (2007)


Reading file: p2r3.asa.inp ... done


         **************************************************************
         *        GENERAL CHARACTERISTICS OF ELECTRONIC SPECTRA       *
         **************************************************************

--------------------------------------------------------------------------------
  State      E0           EV       fosc    Stokes shift  Effective Stokes shift
          (cm**-1)     (cm**-1)              (cm**-1)           (cm**-1)       
--------------------------------------------------------------------------------
    1:     28933.92   32516.50   0.029692      0.00               54.01
    2:     31680.68   34447.78   0.383826      0.00               23.86
    3:     33544.17   37245.33   0.018240      0.00              173.95
    4:     32307.72   38986.34   0.000059      0.00            13118.44
    5:     38199.52   39416.85   0.001334      0.00                0.10
    6:     44212.42   45671.21   0.761915      0.00               29.60
    7:     44485.47   46134.08   0.091172      0.00               25.85
    8:     40672.56   46257.66   0.018176      0.00             9557.07
    9:     44371.47   46889.79   0.019640      0.00              201.34
   10:     39463.24   47289.50   0.000241      0.00            15406.65


--------------------------------------------------------------------------------------------------
                                BROADENING PARAMETETRS (cm**-1)
--------------------------------------------------------------------------------------------------
                 Intrinsic                                    Effective        
   State   --------------------------  --------------------------------------------------------
                                                    Sigma                         FWHM    
            Gamma    Sigma    FWHM      ---------------------------   ---------------------------
                                           0K       77K     298.15K      0K       77K     298.15K
--------------------------------------------------------------------------------------------------
    1:     100.00     0.00   200.00       41.62     57.12    106.37    242.08    270.48    374.14
    2:     100.00     0.00   200.00       24.90     36.95     70.56    216.93    234.34    297.38
    3:     100.00     0.00   200.00       56.88     84.67    193.62    270.03    326.96    572.26
    4:     100.00     0.00   200.00      608.85    718.08   2610.41   1543.68   1800.43   6254.66
    5:     100.00     0.00   200.00        1.28      2.41      4.67    200.05    200.17    200.65
    6:     100.00     0.00   200.00       34.42     43.17     78.87    230.35    244.76    314.66
    7:     100.00     0.00   200.00       30.03     39.67     73.54    223.82    238.79    303.52
    8:     100.00     0.00   200.00      610.45    762.16   1956.11   1547.43   1904.08   4714.16
    9:     100.00     0.00   200.00       61.32     91.25    208.67    278.73    341.08    607.05
   10:     100.00     0.00   200.00      640.02    768.51   2882.18   1616.94   1919.01   6894.57


Calculating absorption spectrum   ...
The maximum number of grid points ... 7772
Time for absorption               ...      36.992 sec (=   0.617 min)
Writing file: p2r3.asa.abs.dat ... done
Writing file: p2r3.asa.abs.as.dat ... done

Calculating fluorescence spectrum ...
The maximum number of grid points ... 7772
Time for fluorescence             ...      14.967 sec (=   0.249 min)
Writing file: p2r3.asa.fl.dat ... done
Writing file: p2r3.asa.fl.as.dat ... done

TOTAL RUN TIME: 0 days 0 hours 0 minutes 52 seconds 14 msec
